# JRE version: OpenJDK Runtime Environment (17.0.7) (build 17.0.7+0-b2043.56-10550314)
# Java VM: OpenJDK 64-Bit Server VM (17.0.7+0-b2043.56-10550314, mixed mode, tiered, compressed oops, compressed class ptrs, g1 gc, windows-amd64)
GC Precious Log:
 CPUs: 16 total, 16 available
 Memory: 14188M
 Large Page Support: Disabled
 NUMA Support: Disabled
 Compressed Oops: Enabled (Zero based)
 Heap Region Size: 2M
 Heap Min Capacity: 8M
 Heap Initial Capacity: 222M
 Heap Max Capacity: 3548M
 Pre-touch: Disabled
 Parallel Workers: 13
 Concurrent Workers: 3
 Concurrent Refinement Workers: 13
 Periodic GC: Disabled
Heap:
 garbage-first heap   total 227328K, used 126107K [0x0000000722400000, 0x0000000800000000)
  region size 2048K, 2 young (4096K), 2 survivors (4096K)
 Metaspace       used 81196K, committed 81536K, reserved 1179648K
  class space    used 9076K, committed 9216K, reserved 1048576K
GC Heap History (20 events):
Event: 6.141 GC heap after
{Heap after GC invocations=25 (full 0):
 garbage-first heap   total 149504K, used 67632K [0x0000000722400000, 0x0000000800000000)
  region size 2048K, 2 young (4096K), 2 survivors (4096K)
 Metaspace       used 64622K, committed 64896K, reserved 1114112K
  class space    used 7585K, committed 7744K, reserved 1048576K
}
Event: 7.142 GC heap before
{Heap before GC invocations=25 (full 0):
 garbage-first heap   total 149504K, used 116784K [0x0000000722400000, 0x0000000800000000)
  region size 2048K, 27 young (55296K), 2 survivors (4096K)
 Metaspace       used 67677K, committed 67968K, reserved 1114112K
  class space    used 7782K, committed 7936K, reserved 1048576K
}
Event: 7.152 GC heap after
{Heap after GC invocations=26 (full 0):
 garbage-first heap   total 149504K, used 75363K [0x0000000722400000, 0x0000000800000000)
  region size 2048K, 4 young (8192K), 4 survivors (8192K)
 Metaspace       used 67677K, committed 67968K, reserved 1114112K
  class space    used 7782K, committed 7936K, reserved 1048576K
}
Event: 7.841 GC heap before
{Heap before GC invocations=26 (full 0):
 garbage-first heap   total 149504K, used 116323K [0x0000000722400000, 0x0000000800000000)
  region size 2048K, 24 young (49152K), 4 survivors (8192K)
 Metaspace       used 69527K, committed 69824K, reserved 1114112K
  class space    used 7935K, committed 8064K, reserved 1048576K
}
Event: 7.853 GC heap after
{Heap after GC invocations=27 (full 0):
 garbage-first heap   total 149504K, used 82303K [0x0000000722400000, 0x0000000800000000)
  region size 2048K, 3 young (6144K), 3 survivors (6144K)
 Metaspace       used 69527K, committed 69824K, reserved 1114112K
  class space    used 7935K, committed 8064K, reserved 1048576K
}
Event: 8.363 GC heap before
{Heap before GC invocations=28 (full 0):
 garbage-first heap   total 149504K, used 117119K [0x0000000722400000, 0x0000000800000000)
  region size 2048K, 20 young (40960K), 3 survivors (6144K)
 Metaspace       used 69926K, committed 70272K, reserved 1114112K
  class space    used 7964K, committed 8128K, reserved 1048576K
}
Event: 8.372 GC heap after
{Heap after GC invocations=29 (full 0):
 garbage-first heap   total 149504K, used 86817K [0x0000000722400000, 0x0000000800000000)
  region size 2048K, 3 young (6144K), 3 survivors (6144K)
 Metaspace       used 69926K, committed 70272K, reserved 1114112K
  class space    used 7964K, committed 8128K, reserved 1048576K
}
Event: 8.568 GC heap before
{Heap before GC invocations=29 (full 0):
 garbage-first heap   total 149504K, used 97057K [0x0000000722400000, 0x0000000800000000)
  region size 2048K, 9 young (18432K), 3 survivors (6144K)
 Metaspace       used 70148K, committed 70464K, reserved 1114112K
  class space    used 7966K, committed 8128K, reserved 1048576K
}
Event: 8.574 GC heap after
{Heap after GC invocations=30 (full 0):
 garbage-first heap   total 206848K, used 88964K [0x0000000722400000, 0x0000000800000000)
  region size 2048K, 2 young (4096K), 2 survivors (4096K)
 Metaspace       used 70148K, committed 70464K, reserved 1114112K
  class space    used 7966K, committed 8128K, reserved 1048576K
}
Event: 9.578 GC heap before
{Heap before GC invocations=30 (full 0):
 garbage-first heap   total 206848K, used 154500K [0x0000000722400000, 0x0000000800000000)
  region size 2048K, 33 young (67584K), 2 survivors (4096K)
 Metaspace       used 72037K, committed 72384K, reserved 1114112K
  class space    used 8194K, committed 8384K, reserved 1048576K
}
Event: 9.586 GC heap after
{Heap after GC invocations=31 (full 0):
 garbage-first heap   total 206848K, used 96164K [0x0000000722400000, 0x0000000800000000)
  region size 2048K, 4 young (8192K), 4 survivors (8192K)
 Metaspace       used 72037K, committed 72384K, reserved 1114112K
  class space    used 8194K, committed 8384K, reserved 1048576K
}
Event: 10.429 GC heap before
{Heap before GC invocations=31 (full 0):
 garbage-first heap   total 206848K, used 155556K [0x0000000722400000, 0x0000000800000000)
  region size 2048K, 33 young (67584K), 4 survivors (8192K)
 Metaspace       used 78576K, committed 78848K, reserved 1179648K
  class space    used 8813K, committed 8960K, reserved 1048576K
}
Event: 10.441 GC heap after
{Heap after GC invocations=32 (full 0):
 garbage-first heap   total 206848K, used 102663K [0x0000000722400000, 0x0000000800000000)
  region size 2048K, 4 young (8192K), 4 survivors (8192K)
 Metaspace       used 78576K, committed 78848K, reserved 1179648K
  class space    used 8813K, committed 8960K, reserved 1048576K
}
Event: 10.885 GC heap before
{Heap before GC invocations=32 (full 0):
 garbage-first heap   total 206848K, used 157959K [0x0000000722400000, 0x0000000800000000)
  region size 2048K, 31 young (63488K), 4 survivors (8192K)
 Metaspace       used 78807K, committed 79104K, reserved 1179648K
  class space    used 8825K, committed 8960K, reserved 1048576K
}
Event: 10.899 GC heap after
{Heap after GC invocations=33 (full 0):
 garbage-first heap   total 206848K, used 112390K [0x0000000722400000, 0x0000000800000000)
  region size 2048K, 4 young (8192K), 4 survivors (8192K)
 Metaspace       used 78807K, committed 79104K, reserved 1179648K
  class space    used 8825K, committed 8960K, reserved 1048576K
}
Event: 11.417 GC heap before
{Heap before GC invocations=34 (full 0):
 garbage-first heap   total 208896K, used 159494K [0x0000000722400000, 0x0000000800000000)
  region size 2048K, 28 young (57344K), 4 survivors (8192K)
 Metaspace       used 80911K, committed 81216K, reserved 1179648K
  class space    used 9059K, committed 9216K, reserved 1048576K
}
Event: 11.431 GC heap after
{Heap after GC invocations=35 (full 0):
 garbage-first heap   total 208896K, used 121525K [0x0000000722400000, 0x0000000800000000)
  region size 2048K, 4 young (8192K), 4 survivors (8192K)
 Metaspace       used 80911K, committed 81216K, reserved 1179648K
  class space    used 9059K, committed 9216K, reserved 1048576K
}
Event: 11.436 GC heap before
{Heap before GC invocations=35 (full 0):
 garbage-first heap   total 208896K, used 123573K [0x0000000722400000, 0x0000000800000000)
  region size 2048K, 5 young (10240K), 4 survivors (8192K)
 Metaspace       used 80911K, committed 81216K, reserved 1179648K
  class space    used 9059K, committed 9216K, reserved 1048576K
}
Event: 11.446 GC heap after
{Heap after GC invocations=36 (full 0):
 garbage-first heap   total 208896K, used 123604K [0x0000000722400000, 0x0000000800000000)
  region size 2048K, 1 young (2048K), 1 survivors (2048K)
 Metaspace       used 80911K, committed 81216K, reserved 1179648K
  class space    used 9059K, committed 9216K, reserved 1048576K
}
Event: 11.584 GC heap before
{Heap before GC invocations=36 (full 0):
 garbage-first heap   total 208896K, used 164564K [0x0000000722400000, 0x0000000800000000)
  region size 2048K, 21 young (43008K), 1 survivors (2048K)
 Metaspace       used 81196K, committed 81536K, reserved 1179648K
  class space    used 9076K, committed 9216K, reserved 1048576K
}

