# JRE version: OpenJDK Runtime Environment (17.0.7) (build 17.0.7+0-b2043.56-10550314)
# Java VM: OpenJDK 64-Bit Server VM (17.0.7+0-b2043.56-10550314, mixed mode, tiered, compressed oops, compressed class ptrs, g1 gc, windows-amd64)
GC Precious Log:
 CPUs: 16 total, 16 available
 Memory: 14188M
 Large Page Support: Disabled
 NUMA Support: Disabled
 Compressed Oops: Enabled (Zero based)
 Heap Region Size: 2M
 Heap Min Capacity: 8M
 Heap Initial Capacity: 222M
 Heap Max Capacity: 4G
 Pre-touch: Disabled
 Parallel Workers: 13
 Concurrent Workers: 3
 Concurrent Refinement Workers: 13
 Periodic GC: Disabled
Heap:
 garbage-first heap   total 167936K, used 102238K [0x0000000700000000, 0x0000000800000000)
  region size 2048K, 5 young (10240K), 3 survivors (6144K)
 Metaspace       used 71752K, committed 72384K, reserved 1114112K
  class space    used 9561K, committed 9856K, reserved 1048576K
GC Heap History (20 events):
Event: 4.477 GC heap before
{Heap before GC invocations=17 (full 0):
 garbage-first heap   total 120832K, used 70574K [0x0000000700000000, 0x0000000800000000)
  region size 2048K, 4 young (8192K), 3 survivors (6144K)
 Metaspace       used 49918K, committed 50432K, reserved 1114112K
  class space    used 6520K, committed 6720K, reserved 1048576K
}
Event: 4.480 GC heap after
{Heap after GC invocations=18 (full 0):
 garbage-first heap   total 120832K, used 68305K [0x0000000700000000, 0x0000000800000000)
  region size 2048K, 1 young (2048K), 1 survivors (2048K)
 Metaspace       used 49918K, committed 50432K, reserved 1114112K
  class space    used 6520K, committed 6720K, reserved 1048576K
}
Event: 4.737 GC heap before
{Heap before GC invocations=18 (full 0):
 garbage-first heap   total 120832K, used 92881K [0x0000000700000000, 0x0000000800000000)
  region size 2048K, 13 young (26624K), 1 survivors (2048K)
 Metaspace       used 52054K, committed 52672K, reserved 1114112K
  class space    used 6902K, committed 7168K, reserved 1048576K
}
Event: 4.739 GC heap after
{Heap after GC invocations=19 (full 0):
 garbage-first heap   total 120832K, used 69706K [0x0000000700000000, 0x0000000800000000)
  region size 2048K, 1 young (2048K), 1 survivors (2048K)
 Metaspace       used 52054K, committed 52672K, reserved 1114112K
  class space    used 6902K, committed 7168K, reserved 1048576K
}
Event: 5.082 GC heap before
{Heap before GC invocations=20 (full 0):
 garbage-first heap   total 122880K, used 96330K [0x0000000700000000, 0x0000000800000000)
  region size 2048K, 14 young (28672K), 1 survivors (2048K)
 Metaspace       used 55041K, committed 55616K, reserved 1114112K
  class space    used 7407K, committed 7680K, reserved 1048576K
}
Event: 5.085 GC heap after
{Heap after GC invocations=21 (full 0):
 garbage-first heap   total 122880K, used 71510K [0x0000000700000000, 0x0000000800000000)
  region size 2048K, 2 young (4096K), 2 survivors (4096K)
 Metaspace       used 55041K, committed 55616K, reserved 1114112K
  class space    used 7407K, committed 7680K, reserved 1048576K
}
Event: 5.418 GC heap before
{Heap before GC invocations=21 (full 0):
 garbage-first heap   total 122880K, used 98134K [0x0000000700000000, 0x0000000800000000)
  region size 2048K, 15 young (30720K), 2 survivors (4096K)
 Metaspace       used 56508K, committed 57152K, reserved 1114112K
  class space    used 7571K, committed 7872K, reserved 1048576K
}
Event: 5.421 GC heap after
{Heap after GC invocations=22 (full 0):
 garbage-first heap   total 122880K, used 74178K [0x0000000700000000, 0x0000000800000000)
  region size 2048K, 2 young (4096K), 2 survivors (4096K)
 Metaspace       used 56508K, committed 57152K, reserved 1114112K
  class space    used 7571K, committed 7872K, reserved 1048576K
}
Event: 5.584 GC heap before
{Heap before GC invocations=23 (full 0):
 garbage-first heap   total 137216K, used 96706K [0x0000000700000000, 0x0000000800000000)
  region size 2048K, 14 young (28672K), 2 survivors (4096K)
 Metaspace       used 56818K, committed 57472K, reserved 1114112K
  class space    used 7597K, committed 7872K, reserved 1048576K
}
Event: 5.587 GC heap after
{Heap after GC invocations=24 (full 0):
 garbage-first heap   total 165888K, used 79053K [0x0000000700000000, 0x0000000800000000)
  region size 2048K, 2 young (4096K), 2 survivors (4096K)
 Metaspace       used 56818K, committed 57472K, reserved 1114112K
  class space    used 7597K, committed 7872K, reserved 1048576K
}
Event: 5.614 GC heap before
{Heap before GC invocations=24 (full 0):
 garbage-first heap   total 165888K, used 85197K [0x0000000700000000, 0x0000000800000000)
  region size 2048K, 5 young (10240K), 2 survivors (4096K)
 Metaspace       used 56897K, committed 57536K, reserved 1114112K
  class space    used 7605K, committed 7872K, reserved 1048576K
}
Event: 5.617 GC heap after
{Heap after GC invocations=25 (full 0):
 garbage-first heap   total 165888K, used 85612K [0x0000000700000000, 0x0000000800000000)
  region size 2048K, 4 young (8192K), 4 survivors (8192K)
 Metaspace       used 56897K, committed 57536K, reserved 1114112K
  class space    used 7605K, committed 7872K, reserved 1048576K
}
Event: 6.004 GC heap before
{Heap before GC invocations=25 (full 0):
 garbage-first heap   total 165888K, used 122476K [0x0000000700000000, 0x0000000800000000)
  region size 2048K, 20 young (40960K), 4 survivors (8192K)
 Metaspace       used 60471K, committed 61120K, reserved 1114112K
  class space    used 8108K, committed 8384K, reserved 1048576K
}
Event: 6.006 GC heap after
{Heap after GC invocations=26 (full 0):
 garbage-first heap   total 165888K, used 92956K [0x0000000700000000, 0x0000000800000000)
  region size 2048K, 2 young (4096K), 2 survivors (4096K)
 Metaspace       used 60471K, committed 61120K, reserved 1114112K
  class space    used 8108K, committed 8384K, reserved 1048576K
}
Event: 6.475 GC heap before
{Heap before GC invocations=26 (full 0):
 garbage-first heap   total 165888K, used 121628K [0x0000000700000000, 0x0000000800000000)
  region size 2048K, 16 young (32768K), 2 survivors (4096K)
 Metaspace       used 65448K, committed 66176K, reserved 1114112K
  class space    used 8741K, committed 9088K, reserved 1048576K
}
Event: 6.478 GC heap after
{Heap after GC invocations=27 (full 0):
 garbage-first heap   total 165888K, used 94583K [0x0000000700000000, 0x0000000800000000)
  region size 2048K, 1 young (2048K), 1 survivors (2048K)
 Metaspace       used 65448K, committed 66176K, reserved 1114112K
  class space    used 8741K, committed 9088K, reserved 1048576K
}
Event: 6.739 GC heap before
{Heap before GC invocations=28 (full 0):
 garbage-first heap   total 167936K, used 123255K [0x0000000700000000, 0x0000000800000000)
  region size 2048K, 16 young (32768K), 1 survivors (2048K)
 Metaspace       used 68094K, committed 68800K, reserved 1114112K
  class space    used 9067K, committed 9408K, reserved 1048576K
}
Event: 6.741 GC heap after
{Heap after GC invocations=29 (full 0):
 garbage-first heap   total 167936K, used 97802K [0x0000000700000000, 0x0000000800000000)
  region size 2048K, 2 young (4096K), 2 survivors (4096K)
 Metaspace       used 68094K, committed 68800K, reserved 1114112K
  class space    used 9067K, committed 9408K, reserved 1048576K
}
Event: 7.091 GC heap before
{Heap before GC invocations=29 (full 0):
 garbage-first heap   total 167936K, used 130570K [0x0000000700000000, 0x0000000800000000)
  region size 2048K, 18 young (36864K), 2 survivors (4096K)
 Metaspace       used 71274K, committed 71936K, reserved 1114112K
  class space    used 9495K, committed 9792K, reserved 1048576K
}
Event: 7.095 GC heap after
{Heap after GC invocations=30 (full 0):
 garbage-first heap   total 167936K, used 100190K [0x0000000700000000, 0x0000000800000000)
  region size 2048K, 3 young (6144K), 3 survivors (6144K)
 Metaspace       used 71274K, committed 71936K, reserved 1114112K
  class space    used 9495K, committed 9792K, reserved 1048576K
}

