# JRE version: OpenJDK Runtime Environment (17.0.7) (build 17.0.7+0-b2043.56-10550314)
# Java VM: OpenJDK 64-Bit Server VM (17.0.7+0-b2043.56-10550314, mixed mode, tiered, compressed oops, compressed class ptrs, g1 gc, windows-amd64)
GC Precious Log:
 CPUs: 16 total, 16 available
 Memory: 14188M
 Large Page Support: Disabled
 NUMA Support: Disabled
 Compressed Oops: Enabled (Zero based)
 Heap Region Size: 2M
 Heap Min Capacity: 8M
 Heap Initial Capacity: 222M
 Heap Max Capacity: 3548M
 Pre-touch: Disabled
 Parallel Workers: 13
 Concurrent Workers: 3
 Concurrent Refinement Workers: 13
 Periodic GC: Disabled
Heap:
 garbage-first heap   total 526336K, used 301590K [0x0000000722400000, 0x0000000800000000)
  region size 2048K, 82 young (167936K), 4 survivors (8192K)
 Metaspace       used 93194K, committed 93504K, reserved 1179648K
  class space    used 10203K, committed 10368K, reserved 1048576K
GC Heap History (20 events):
Event: 7.953 GC heap before
{Heap before GC invocations=24 (full 0):
 garbage-first heap   total 180224K, used 133990K [0x0000000722400000, 0x0000000800000000)
  region size 2048K, 36 young (73728K), 2 survivors (4096K)
 Metaspace       used 66758K, committed 67072K, reserved 1114112K
  class space    used 7721K, committed 7872K, reserved 1048576K
}
Event: 7.964 GC heap after
{Heap after GC invocations=25 (full 0):
 garbage-first heap   total 180224K, used 73144K [0x0000000722400000, 0x0000000800000000)
  region size 2048K, 5 young (10240K), 5 survivors (10240K)
 Metaspace       used 66758K, committed 67072K, reserved 1114112K
  class space    used 7721K, committed 7872K, reserved 1048576K
}
Event: 9.242 GC heap before
{Heap before GC invocations=25 (full 0):
 garbage-first heap   total 180224K, used 136632K [0x0000000722400000, 0x0000000800000000)
  region size 2048K, 36 young (73728K), 5 survivors (10240K)
 Metaspace       used 69538K, committed 69888K, reserved 1114112K
  class space    used 7947K, committed 8128K, reserved 1048576K
}
Event: 9.257 GC heap after
{Heap after GC invocations=26 (full 0):
 garbage-first heap   total 180224K, used 83123K [0x0000000722400000, 0x0000000800000000)
  region size 2048K, 5 young (10240K), 5 survivors (10240K)
 Metaspace       used 69538K, committed 69888K, reserved 1114112K
  class space    used 7947K, committed 8128K, reserved 1048576K
}
Event: 10.252 GC heap before
{Heap before GC invocations=26 (full 0):
 garbage-first heap   total 180224K, used 140467K [0x0000000722400000, 0x0000000800000000)
  region size 2048K, 32 young (65536K), 5 survivors (10240K)
 Metaspace       used 70758K, committed 71040K, reserved 1114112K
  class space    used 8096K, committed 8256K, reserved 1048576K
}
Event: 10.265 GC heap after
{Heap after GC invocations=27 (full 0):
 garbage-first heap   total 180224K, used 92503K [0x0000000722400000, 0x0000000800000000)
  region size 2048K, 4 young (8192K), 4 survivors (8192K)
 Metaspace       used 70758K, committed 71040K, reserved 1114112K
  class space    used 8096K, committed 8256K, reserved 1048576K
}
Event: 11.180 GC heap before
{Heap before GC invocations=27 (full 0):
 garbage-first heap   total 180224K, used 139607K [0x0000000722400000, 0x0000000800000000)
  region size 2048K, 27 young (55296K), 4 survivors (8192K)
 Metaspace       used 71996K, committed 72256K, reserved 1114112K
  class space    used 8181K, committed 8320K, reserved 1048576K
}
Event: 11.190 GC heap after
{Heap after GC invocations=28 (full 0):
 garbage-first heap   total 223232K, used 96958K [0x0000000722400000, 0x0000000800000000)
  region size 2048K, 3 young (6144K), 3 survivors (6144K)
 Metaspace       used 71996K, committed 72256K, reserved 1114112K
  class space    used 8181K, committed 8320K, reserved 1048576K
}
Event: 12.467 GC heap before
{Heap before GC invocations=29 (full 0):
 garbage-first heap   total 223232K, used 174782K [0x0000000722400000, 0x0000000800000000)
  region size 2048K, 41 young (83968K), 3 survivors (6144K)
 Metaspace       used 78745K, committed 79040K, reserved 1179648K
  class space    used 8821K, committed 8960K, reserved 1048576K
}
Event: 12.479 GC heap after
{Heap after GC invocations=30 (full 0):
 garbage-first heap   total 223232K, used 106212K [0x0000000722400000, 0x0000000800000000)
  region size 2048K, 6 young (12288K), 6 survivors (12288K)
 Metaspace       used 78745K, committed 79040K, reserved 1179648K
  class space    used 8821K, committed 8960K, reserved 1048576K
}
Event: 12.498 GC heap before
{Heap before GC invocations=30 (full 0):
 garbage-first heap   total 223232K, used 108260K [0x0000000722400000, 0x0000000800000000)
  region size 2048K, 7 young (14336K), 6 survivors (12288K)
 Metaspace       used 78745K, committed 79040K, reserved 1179648K
  class space    used 8821K, committed 8960K, reserved 1048576K
}
Event: 12.507 GC heap after
{Heap after GC invocations=31 (full 0):
 garbage-first heap   total 223232K, used 108330K [0x0000000722400000, 0x0000000800000000)
  region size 2048K, 1 young (2048K), 1 survivors (2048K)
 Metaspace       used 78745K, committed 79040K, reserved 1179648K
  class space    used 8821K, committed 8960K, reserved 1048576K
}
Event: 13.265 GC heap before
{Heap before GC invocations=31 (full 0):
 garbage-first heap   total 223232K, used 175914K [0x0000000722400000, 0x0000000800000000)
  region size 2048K, 34 young (69632K), 1 survivors (2048K)
 Metaspace       used 80628K, committed 80960K, reserved 1179648K
  class space    used 9012K, committed 9152K, reserved 1048576K
}
Event: 13.279 GC heap after
{Heap after GC invocations=32 (full 0):
 garbage-first heap   total 223232K, used 121612K [0x0000000722400000, 0x0000000800000000)
  region size 2048K, 5 young (10240K), 5 survivors (10240K)
 Metaspace       used 80628K, committed 80960K, reserved 1179648K
  class space    used 9012K, committed 9152K, reserved 1048576K
}
Event: 13.597 GC heap before
{Heap before GC invocations=33 (full 0):
 garbage-first heap   total 223232K, used 176908K [0x0000000722400000, 0x0000000800000000)
  region size 2048K, 32 young (65536K), 5 survivors (10240K)
 Metaspace       used 81196K, committed 81536K, reserved 1179648K
  class space    used 9072K, committed 9216K, reserved 1048576K
}
Event: 13.608 GC heap after
{Heap after GC invocations=34 (full 0):
 garbage-first heap   total 223232K, used 127772K [0x0000000722400000, 0x0000000800000000)
  region size 2048K, 3 young (6144K), 3 survivors (6144K)
 Metaspace       used 81196K, committed 81536K, reserved 1179648K
  class space    used 9072K, committed 9216K, reserved 1048576K
}
Event: 13.629 GC heap before
{Heap before GC invocations=34 (full 0):
 garbage-first heap   total 223232K, used 131868K [0x0000000722400000, 0x0000000800000000)
  region size 2048K, 5 young (10240K), 3 survivors (6144K)
 Metaspace       used 81197K, committed 81536K, reserved 1179648K
  class space    used 9072K, committed 9216K, reserved 1048576K
}
Event: 13.639 GC heap after
{Heap after GC invocations=35 (full 0):
 garbage-first heap   total 223232K, used 127402K [0x0000000722400000, 0x0000000800000000)
  region size 2048K, 1 young (2048K), 1 survivors (2048K)
 Metaspace       used 81197K, committed 81536K, reserved 1179648K
  class space    used 9072K, committed 9216K, reserved 1048576K
}
Event: 14.106 GC heap before
{Heap before GC invocations=35 (full 0):
 garbage-first heap   total 223232K, used 178602K [0x0000000722400000, 0x0000000800000000)
  region size 2048K, 26 young (53248K), 1 survivors (2048K)
 Metaspace       used 81963K, committed 82304K, reserved 1179648K
  class space    used 9151K, committed 9344K, reserved 1048576K
}
Event: 14.119 GC heap after
{Heap after GC invocations=36 (full 0):
 garbage-first heap   total 530432K, used 143894K [0x0000000722400000, 0x0000000800000000)
  region size 2048K, 4 young (8192K), 4 survivors (8192K)
 Metaspace       used 81963K, committed 82304K, reserved 1179648K
  class space    used 9151K, committed 9344K, reserved 1048576K
}

