# JRE version: OpenJDK Runtime Environment (17.0.7) (build 17.0.7+0-b2043.56-10550314)
# Java VM: OpenJDK 64-Bit Server VM (17.0.7+0-b2043.56-10550314, mixed mode, tiered, compressed oops, compressed class ptrs, g1 gc, windows-amd64)
GC Precious Log:
 CPUs: 16 total, 16 available
 Memory: 14188M
 Large Page Support: Disabled
 NUMA Support: Disabled
 Compressed Oops: Enabled (Zero based)
 Heap Region Size: 2M
 Heap Min Capacity: 8M
 Heap Initial Capacity: 222M
 Heap Max Capacity: 4G
 Pre-touch: Disabled
 Parallel Workers: 13
 Concurrent Workers: 3
 Concurrent Refinement Workers: 13
 Periodic GC: Disabled
Heap:
 garbage-first heap   total 227328K, used 92675K [0x0000000700000000, 0x0000000800000000)
  region size 2048K, 1 young (2048K), 1 survivors (2048K)
 Metaspace       used 58498K, committed 59136K, reserved 1114112K
  class space    used 7819K, committed 8128K, reserved 1048576K
GC Heap History (20 events):
Event: 11.438 GC heap after
{Heap after GC invocations=14 (full 0):
 garbage-first heap   total 120832K, used 55768K [0x0000000700000000, 0x0000000800000000)
  region size 2048K, 3 young (6144K), 3 survivors (6144K)
 Metaspace       used 42427K, committed 42816K, reserved 1114112K
  class space    used 5628K, committed 5824K, reserved 1048576K
}
Event: 11.952 GC heap before
{Heap before GC invocations=14 (full 0):
 garbage-first heap   total 120832K, used 88536K [0x0000000700000000, 0x0000000800000000)
  region size 2048K, 20 young (40960K), 3 survivors (6144K)
 Metaspace       used 46863K, committed 47296K, reserved 1114112K
  class space    used 6199K, committed 6400K, reserved 1048576K
}
Event: 11.956 GC heap after
{Heap after GC invocations=15 (full 0):
 garbage-first heap   total 120832K, used 59239K [0x0000000700000000, 0x0000000800000000)
  region size 2048K, 2 young (4096K), 2 survivors (4096K)
 Metaspace       used 46863K, committed 47296K, reserved 1114112K
  class space    used 6199K, committed 6400K, reserved 1048576K
}
Event: 12.445 GC heap before
{Heap before GC invocations=16 (full 0):
 garbage-first heap   total 120832K, used 98151K [0x0000000700000000, 0x0000000800000000)
  region size 2048K, 19 young (38912K), 2 survivors (4096K)
 Metaspace       used 49937K, committed 50432K, reserved 1114112K
  class space    used 6523K, committed 6720K, reserved 1048576K
}
Event: 12.448 GC heap after
{Heap after GC invocations=17 (full 0):
 garbage-first heap   total 120832K, used 68887K [0x0000000700000000, 0x0000000800000000)
  region size 2048K, 3 young (6144K), 3 survivors (6144K)
 Metaspace       used 49937K, committed 50432K, reserved 1114112K
  class space    used 6523K, committed 6720K, reserved 1048576K
}
Event: 12.451 GC heap before
{Heap before GC invocations=17 (full 0):
 garbage-first heap   total 120832K, used 70935K [0x0000000700000000, 0x0000000800000000)
  region size 2048K, 4 young (8192K), 3 survivors (6144K)
 Metaspace       used 49937K, committed 50432K, reserved 1114112K
  class space    used 6523K, committed 6720K, reserved 1048576K
}
Event: 12.455 GC heap after
{Heap after GC invocations=18 (full 0):
 garbage-first heap   total 120832K, used 68988K [0x0000000700000000, 0x0000000800000000)
  region size 2048K, 1 young (2048K), 1 survivors (2048K)
 Metaspace       used 49937K, committed 50432K, reserved 1114112K
  class space    used 6523K, committed 6720K, reserved 1048576K
}
Event: 12.855 GC heap before
{Heap before GC invocations=18 (full 0):
 garbage-first heap   total 120832K, used 95612K [0x0000000700000000, 0x0000000800000000)
  region size 2048K, 14 young (28672K), 1 survivors (2048K)
 Metaspace       used 52450K, committed 53056K, reserved 1114112K
  class space    used 6974K, committed 7232K, reserved 1048576K
}
Event: 12.857 GC heap after
{Heap after GC invocations=19 (full 0):
 garbage-first heap   total 120832K, used 70811K [0x0000000700000000, 0x0000000800000000)
  region size 2048K, 2 young (4096K), 2 survivors (4096K)
 Metaspace       used 52450K, committed 53056K, reserved 1114112K
  class space    used 6974K, committed 7232K, reserved 1048576K
}
Event: 13.229 GC heap before
{Heap before GC invocations=20 (full 0):
 garbage-first heap   total 126976K, used 95387K [0x0000000700000000, 0x0000000800000000)
  region size 2048K, 14 young (28672K), 2 survivors (4096K)
 Metaspace       used 55251K, committed 55872K, reserved 1114112K
  class space    used 7431K, committed 7744K, reserved 1048576K
}
Event: 13.232 GC heap after
{Heap after GC invocations=21 (full 0):
 garbage-first heap   total 126976K, used 72642K [0x0000000700000000, 0x0000000800000000)
  region size 2048K, 1 young (2048K), 1 survivors (2048K)
 Metaspace       used 55251K, committed 55872K, reserved 1114112K
  class space    used 7431K, committed 7744K, reserved 1048576K
}
Event: 13.300 GC heap before
{Heap before GC invocations=21 (full 0):
 garbage-first heap   total 126976K, used 76738K [0x0000000700000000, 0x0000000800000000)
  region size 2048K, 3 young (6144K), 1 survivors (2048K)
 Metaspace       used 55743K, committed 56384K, reserved 1114112K
  class space    used 7508K, committed 7808K, reserved 1048576K
}
Event: 13.303 GC heap after
{Heap after GC invocations=22 (full 0):
 garbage-first heap   total 126976K, used 72696K [0x0000000700000000, 0x0000000800000000)
  region size 2048K, 1 young (2048K), 1 survivors (2048K)
 Metaspace       used 55743K, committed 56384K, reserved 1114112K
  class space    used 7508K, committed 7808K, reserved 1048576K
}
Event: 13.622 GC heap before
{Heap before GC invocations=22 (full 0):
 garbage-first heap   total 126976K, used 101368K [0x0000000700000000, 0x0000000800000000)
  region size 2048K, 15 young (30720K), 1 survivors (2048K)
 Metaspace       used 56619K, committed 57280K, reserved 1114112K
  class space    used 7576K, committed 7872K, reserved 1048576K
}
Event: 13.624 GC heap after
{Heap after GC invocations=23 (full 0):
 garbage-first heap   total 126976K, used 76402K [0x0000000700000000, 0x0000000800000000)
  region size 2048K, 2 young (4096K), 2 survivors (4096K)
 Metaspace       used 56619K, committed 57280K, reserved 1114112K
  class space    used 7576K, committed 7872K, reserved 1048576K
}
Event: 13.895 GC heap before
{Heap before GC invocations=24 (full 0):
 garbage-first heap   total 133120K, used 105074K [0x0000000700000000, 0x0000000800000000)
  region size 2048K, 14 young (28672K), 2 survivors (4096K)
 Metaspace       used 56938K, committed 57536K, reserved 1114112K
  class space    used 7608K, committed 7872K, reserved 1048576K
}
Event: 13.898 GC heap after
{Heap after GC invocations=25 (full 0):
 garbage-first heap   total 133120K, used 90286K [0x0000000700000000, 0x0000000800000000)
  region size 2048K, 2 young (4096K), 2 survivors (4096K)
 Metaspace       used 56938K, committed 57536K, reserved 1114112K
  class space    used 7608K, committed 7872K, reserved 1048576K
}
Event: 13.918 GC heap before
{Heap before GC invocations=25 (full 0):
 garbage-first heap   total 133120K, used 90286K [0x0000000700000000, 0x0000000800000000)
  region size 2048K, 3 young (6144K), 2 survivors (4096K)
 Metaspace       used 56938K, committed 57536K, reserved 1114112K
  class space    used 7608K, committed 7872K, reserved 1048576K
}
Event: 13.920 GC heap after
{Heap after GC invocations=26 (full 0):
 garbage-first heap   total 133120K, used 90853K [0x0000000700000000, 0x0000000800000000)
  region size 2048K, 1 young (2048K), 1 survivors (2048K)
 Metaspace       used 56938K, committed 57536K, reserved 1114112K
  class space    used 7608K, committed 7872K, reserved 1048576K
}
Event: 14.135 GC heap before
{Heap before GC invocations=26 (full 0):
 garbage-first heap   total 133120K, used 105189K [0x0000000700000000, 0x0000000800000000)
  region size 2048K, 8 young (16384K), 1 survivors (2048K)
 Metaspace       used 58498K, committed 59136K, reserved 1114112K
  class space    used 7819K, committed 8128K, reserved 1048576K
}

